<?xml version="1.0" encoding="UTF-8"?>
<!-- Generated by org.testng.reporters.JUnitReportReporter -->
<testsuite hostname="DESKTOP-QQFNKE1" failures="0" tests="9" name="com.Hrms.tests.TestPIMPage" time="84.608" errors="0" timestamp="2024-10-15T07:20:46 IST" skipped="0">
  <testcase classname="com.Hrms.tests.TestPIMPage" name="editEmployeeDetails" time="0.000"/>
  <system-out/>
  <testcase classname="com.Hrms.tests.TestPIMPage" name="deleteEmployee" time="39.274"/>
  <system-out/>
  <testcase classname="com.Hrms.tests.TestPIMPage" name="searchEmployee" time="27.182"/>
  <system-out/>
  <testcase classname="com.Hrms.tests.TestPIMPage" name="addEmployee" time="18.150"/>
  <system-out/>
  <testcase classname="com.Hrms.tests.TestPIMPage" name="filterEmployeeList" time="0.000"/>
  <system-out/>
  <testcase classname="com.Hrms.tests.TestPIMPage" name="viewEmployeeDetails" time="0.000"/>
  <system-out/>
  <testcase classname="com.Hrms.tests.TestPIMPage" name="viewEmployeeList" time="0.002"/>
  <system-out/>
  <testcase classname="com.Hrms.tests.TestPIMPage" name="addEmployeePhotos" time="0.000"/>
  <system-out/>
  <testcase classname="com.Hrms.tests.TestPIMPage" name="editEmploymentStatus" time="0.000"/>
  <system-out/>
</testsuite> <!-- com.Hrms.tests.TestPIMPage -->
