<?xml version="1.0" encoding="UTF-8"?>
<!-- Generated by org.testng.reporters.JUnitReportReporter -->
<testsuite hostname="DESKTOP-QQFNKE1" failures="0" tests="1" name="com.Hrms.tests.TestPIMPage" time="0.004" errors="0" timestamp="2024-10-04T14:09:25 IST" skipped="0">
  <testcase classname="com.Hrms.tests.TestPIMPage" name="editEmploymentStatus" time="0.004"/>
  <system-out/>
</testsuite> <!-- com.Hrms.tests.TestPIMPage -->
